INFO - 2024-10-10 04:59:43 --> Session: Class initialized using 'CodeIgniter\Session\Handlers\FileHandler' driver.
CRITICAL - 2024-10-10 04:59:43 --> ErrorException: Trying to access array offset on value of type null
[Method: GET, Route: /]
in APPPATH\Views\beranda.php on line 44.
 1 APPPATH\Views\beranda.php(44): CodeIgniter\Debug\Exceptions->errorHandler(2, 'Trying to access array offset on value of type null', 'D:\\Perkulian💪\\Semester 5\\E-Commerce\\Cukur\\app\\Views\\beranda.php', 44)
 2 SYSTEMPATH\View\View.php(234): include('D:\\Perkulian💪\\Semester 5\\E-Commerce\\Cukur\\app\\Views\\beranda.php')
 3 SYSTEMPATH\View\View.php(237): CodeIgniter\View\View->CodeIgniter\View\{closure}()
 4 SYSTEMPATH\Common.php(1171): CodeIgniter\View\View->render('beranda', [], true)
 5 APPPATH\Controllers\Home.php(9): view('beranda')
 6 SYSTEMPATH\CodeIgniter.php(933): App\Controllers\Home->index()
 7 SYSTEMPATH\CodeIgniter.php(509): CodeIgniter\CodeIgniter->runController(Object(App\Controllers\Home))
 8 SYSTEMPATH\CodeIgniter.php(355): CodeIgniter\CodeIgniter->handleRequest(null, Object(Config\Cache), false)
 9 SYSTEMPATH\Boot.php(325): CodeIgniter\CodeIgniter->run()
10 SYSTEMPATH\Boot.php(67): CodeIgniter\Boot::runCodeIgniter(Object(CodeIgniter\CodeIgniter))
11 FCPATH\index.php(56): CodeIgniter\Boot::bootWeb(Object(Config\Paths))
12 SYSTEMPATH\rewrite.php(44): require_once('D:\\Perkulian💪\\Semester 5\\E-Commerce\\Cukur\\public\\index.php')
CRITICAL - 2024-10-10 05:03:10 --> CodeIgniter\Router\Exceptions\RouterException: The route for "home" cannot be found.
[Method: GET, Route: /]
in SYSTEMPATH\Helpers\url_helper.php on line 494.
 1 SYSTEMPATH\Helpers\url_helper.php(494): CodeIgniter\Router\Exceptions\RouterException::forInvalidRoute('home')
 2 APPPATH\Views\beranda.php(5): url_to('home')
 3 SYSTEMPATH\View\View.php(234): include('D:\\Perkulian💪\\Semester 5\\E-Commerce\\Cukur\\app\\Views\\beranda.php')
 4 SYSTEMPATH\View\View.php(237): CodeIgniter\View\View->CodeIgniter\View\{closure}()
 5 SYSTEMPATH\Common.php(1171): CodeIgniter\View\View->render('beranda', [], true)
 6 APPPATH\Controllers\Home.php(9): view('beranda')
 7 SYSTEMPATH\CodeIgniter.php(933): App\Controllers\Home->index()
 8 SYSTEMPATH\CodeIgniter.php(509): CodeIgniter\CodeIgniter->runController(Object(App\Controllers\Home))
 9 SYSTEMPATH\CodeIgniter.php(355): CodeIgniter\CodeIgniter->handleRequest(null, Object(Config\Cache), false)
10 SYSTEMPATH\Boot.php(325): CodeIgniter\CodeIgniter->run()
11 SYSTEMPATH\Boot.php(67): CodeIgniter\Boot::runCodeIgniter(Object(CodeIgniter\CodeIgniter))
12 FCPATH\index.php(56): CodeIgniter\Boot::bootWeb(Object(Config\Paths))
13 SYSTEMPATH\rewrite.php(44): require_once('D:\\Perkulian💪\\Semester 5\\E-Commerce\\Cukur\\public\\index.php')
CRITICAL - 2024-10-10 05:05:13 --> CodeIgniter\Router\Exceptions\RouterException: The route for "home" cannot be found.
[Method: GET, Route: /]
in SYSTEMPATH\Helpers\url_helper.php on line 494.
 1 SYSTEMPATH\Helpers\url_helper.php(494): CodeIgniter\Router\Exceptions\RouterException::forInvalidRoute('home')
 2 APPPATH\Views\beranda.php(5): url_to('home')
 3 SYSTEMPATH\View\View.php(234): include('D:\\Perkulian💪\\Semester 5\\E-Commerce\\Cukur\\app\\Views\\beranda.php')
 4 SYSTEMPATH\View\View.php(237): CodeIgniter\View\View->CodeIgniter\View\{closure}()
 5 SYSTEMPATH\Common.php(1171): CodeIgniter\View\View->render('beranda', [], true)
 6 APPPATH\Controllers\Home.php(9): view('beranda')
 7 SYSTEMPATH\CodeIgniter.php(933): App\Controllers\Home->index()
 8 SYSTEMPATH\CodeIgniter.php(509): CodeIgniter\CodeIgniter->runController(Object(App\Controllers\Home))
 9 SYSTEMPATH\CodeIgniter.php(355): CodeIgniter\CodeIgniter->handleRequest(null, Object(Config\Cache), false)
10 SYSTEMPATH\Boot.php(325): CodeIgniter\CodeIgniter->run()
11 SYSTEMPATH\Boot.php(67): CodeIgniter\Boot::runCodeIgniter(Object(CodeIgniter\CodeIgniter))
12 FCPATH\index.php(56): CodeIgniter\Boot::bootWeb(Object(Config\Paths))
13 SYSTEMPATH\rewrite.php(44): require_once('D:\\Perkulian💪\\Semester 5\\E-Commerce\\Cukur\\public\\index.php')
CRITICAL - 2024-10-10 05:05:15 --> CodeIgniter\Router\Exceptions\RouterException: The route for "home" cannot be found.
[Method: GET, Route: /]
in SYSTEMPATH\Helpers\url_helper.php on line 494.
 1 SYSTEMPATH\Helpers\url_helper.php(494): CodeIgniter\Router\Exceptions\RouterException::forInvalidRoute('home')
 2 APPPATH\Views\beranda.php(5): url_to('home')
 3 SYSTEMPATH\View\View.php(234): include('D:\\Perkulian💪\\Semester 5\\E-Commerce\\Cukur\\app\\Views\\beranda.php')
 4 SYSTEMPATH\View\View.php(237): CodeIgniter\View\View->CodeIgniter\View\{closure}()
 5 SYSTEMPATH\Common.php(1171): CodeIgniter\View\View->render('beranda', [], true)
 6 APPPATH\Controllers\Home.php(9): view('beranda')
 7 SYSTEMPATH\CodeIgniter.php(933): App\Controllers\Home->index()
 8 SYSTEMPATH\CodeIgniter.php(509): CodeIgniter\CodeIgniter->runController(Object(App\Controllers\Home))
 9 SYSTEMPATH\CodeIgniter.php(355): CodeIgniter\CodeIgniter->handleRequest(null, Object(Config\Cache), false)
10 SYSTEMPATH\Boot.php(325): CodeIgniter\CodeIgniter->run()
11 SYSTEMPATH\Boot.php(67): CodeIgniter\Boot::runCodeIgniter(Object(CodeIgniter\CodeIgniter))
12 FCPATH\index.php(56): CodeIgniter\Boot::bootWeb(Object(Config\Paths))
13 SYSTEMPATH\rewrite.php(44): require_once('D:\\Perkulian💪\\Semester 5\\E-Commerce\\Cukur\\public\\index.php')
CRITICAL - 2024-10-10 05:05:40 --> CodeIgniter\Router\Exceptions\RouterException: The route for "logout" cannot be found.
[Method: GET, Route: /]
in SYSTEMPATH\Helpers\url_helper.php on line 494.
 1 SYSTEMPATH\Helpers\url_helper.php(494): CodeIgniter\Router\Exceptions\RouterException::forInvalidRoute('logout')
 2 APPPATH\Views\beranda.php(19): url_to('logout')
 3 SYSTEMPATH\View\View.php(234): include('D:\\Perkulian💪\\Semester 5\\E-Commerce\\Cukur\\app\\Views\\beranda.php')
 4 SYSTEMPATH\View\View.php(237): CodeIgniter\View\View->CodeIgniter\View\{closure}()
 5 SYSTEMPATH\Common.php(1171): CodeIgniter\View\View->render('beranda', [], true)
 6 APPPATH\Controllers\Home.php(9): view('beranda')
 7 SYSTEMPATH\CodeIgniter.php(933): App\Controllers\Home->index()
 8 SYSTEMPATH\CodeIgniter.php(509): CodeIgniter\CodeIgniter->runController(Object(App\Controllers\Home))
 9 SYSTEMPATH\CodeIgniter.php(355): CodeIgniter\CodeIgniter->handleRequest(null, Object(Config\Cache), false)
10 SYSTEMPATH\Boot.php(325): CodeIgniter\CodeIgniter->run()
11 SYSTEMPATH\Boot.php(67): CodeIgniter\Boot::runCodeIgniter(Object(CodeIgniter\CodeIgniter))
12 FCPATH\index.php(56): CodeIgniter\Boot::bootWeb(Object(Config\Paths))
13 SYSTEMPATH\rewrite.php(44): require_once('D:\\Perkulian💪\\Semester 5\\E-Commerce\\Cukur\\public\\index.php')
