CRITICAL - 2024-11-09 17:22:13 --> ErrorException: Undefined variable $packages
[Method: GET, Route: pelanggan-packages.php]
in APPPATH\Views\pelanggan\packages.php on line 36.
 1 APPPATH\Views\pelanggan\packages.php(36): CodeIgniter\Debug\Exceptions->errorHandler(2, 'Undefined variable $packages', 'D:\\Perkulian💪\\Semester 5\\E-Commerce\\Cukur - Copy\\app\\Views\\pelanggan\\packages.php', 36)
 2 SYSTEMPATH\View\View.php(234): include('D:\\Perkulian💪\\Semester 5\\E-Commerce\\Cukur - Copy\\app\\Views\\pelanggan\\packages.php')
 3 SYSTEMPATH\View\View.php(237): CodeIgniter\View\View->CodeIgniter\View\{closure}()
 4 SYSTEMPATH\Common.php(1171): CodeIgniter\View\View->render('pelanggan/packages', [], true)
 5 APPPATH\Controllers\PelangganController.php(13): view('pelanggan/packages')
 6 SYSTEMPATH\CodeIgniter.php(933): App\Controllers\PelangganController->Packagess()
 7 SYSTEMPATH\CodeIgniter.php(509): CodeIgniter\CodeIgniter->runController(Object(App\Controllers\PelangganController))
 8 SYSTEMPATH\CodeIgniter.php(355): CodeIgniter\CodeIgniter->handleRequest(null, Object(Config\Cache), false)
 9 SYSTEMPATH\Boot.php(325): CodeIgniter\CodeIgniter->run()
10 SYSTEMPATH\Boot.php(67): CodeIgniter\Boot::runCodeIgniter(Object(CodeIgniter\CodeIgniter))
11 FCPATH\index.php(56): CodeIgniter\Boot::bootWeb(Object(Config\Paths))
12 SYSTEMPATH\rewrite.php(44): require_once('D:\\Perkulian💪\\Semester 5\\E-Commerce\\Cukur - Copy\\public\\index.php')
CRITICAL - 2024-11-09 17:22:15 --> ErrorException: Undefined variable $packages
[Method: GET, Route: pelanggan-packages.php]
in APPPATH\Views\pelanggan\packages.php on line 36.
 1 APPPATH\Views\pelanggan\packages.php(36): CodeIgniter\Debug\Exceptions->errorHandler(2, 'Undefined variable $packages', 'D:\\Perkulian💪\\Semester 5\\E-Commerce\\Cukur - Copy\\app\\Views\\pelanggan\\packages.php', 36)
 2 SYSTEMPATH\View\View.php(234): include('D:\\Perkulian💪\\Semester 5\\E-Commerce\\Cukur - Copy\\app\\Views\\pelanggan\\packages.php')
 3 SYSTEMPATH\View\View.php(237): CodeIgniter\View\View->CodeIgniter\View\{closure}()
 4 SYSTEMPATH\Common.php(1171): CodeIgniter\View\View->render('pelanggan/packages', [], true)
 5 APPPATH\Controllers\PelangganController.php(13): view('pelanggan/packages')
 6 SYSTEMPATH\CodeIgniter.php(933): App\Controllers\PelangganController->Packagess()
 7 SYSTEMPATH\CodeIgniter.php(509): CodeIgniter\CodeIgniter->runController(Object(App\Controllers\PelangganController))
 8 SYSTEMPATH\CodeIgniter.php(355): CodeIgniter\CodeIgniter->handleRequest(null, Object(Config\Cache), false)
 9 SYSTEMPATH\Boot.php(325): CodeIgniter\CodeIgniter->run()
10 SYSTEMPATH\Boot.php(67): CodeIgniter\Boot::runCodeIgniter(Object(CodeIgniter\CodeIgniter))
11 FCPATH\index.php(56): CodeIgniter\Boot::bootWeb(Object(Config\Paths))
12 SYSTEMPATH\rewrite.php(44): require_once('D:\\Perkulian💪\\Semester 5\\E-Commerce\\Cukur - Copy\\public\\index.php')
CRITICAL - 2024-11-09 17:22:25 --> ErrorException: Undefined variable $packages
[Method: GET, Route: pelanggan-packages.php]
in APPPATH\Views\pelanggan\packages.php on line 36.
 1 APPPATH\Views\pelanggan\packages.php(36): CodeIgniter\Debug\Exceptions->errorHandler(2, 'Undefined variable $packages', 'D:\\Perkulian💪\\Semester 5\\E-Commerce\\Cukur - Copy\\app\\Views\\pelanggan\\packages.php', 36)
 2 SYSTEMPATH\View\View.php(234): include('D:\\Perkulian💪\\Semester 5\\E-Commerce\\Cukur - Copy\\app\\Views\\pelanggan\\packages.php')
 3 SYSTEMPATH\View\View.php(237): CodeIgniter\View\View->CodeIgniter\View\{closure}()
 4 SYSTEMPATH\Common.php(1171): CodeIgniter\View\View->render('pelanggan/packages', [], true)
 5 APPPATH\Controllers\PelangganController.php(13): view('pelanggan/packages')
 6 SYSTEMPATH\CodeIgniter.php(933): App\Controllers\PelangganController->Packagess()
 7 SYSTEMPATH\CodeIgniter.php(509): CodeIgniter\CodeIgniter->runController(Object(App\Controllers\PelangganController))
 8 SYSTEMPATH\CodeIgniter.php(355): CodeIgniter\CodeIgniter->handleRequest(null, Object(Config\Cache), false)
 9 SYSTEMPATH\Boot.php(325): CodeIgniter\CodeIgniter->run()
10 SYSTEMPATH\Boot.php(67): CodeIgniter\Boot::runCodeIgniter(Object(CodeIgniter\CodeIgniter))
11 FCPATH\index.php(56): CodeIgniter\Boot::bootWeb(Object(Config\Paths))
12 SYSTEMPATH\rewrite.php(44): require_once('D:\\Perkulian💪\\Semester 5\\E-Commerce\\Cukur - Copy\\public\\index.php')
CRITICAL - 2024-11-09 17:24:41 --> CodeIgniter\View\Exceptions\ViewException: Invalid file: "package/customer.php"
[Method: GET, Route: pelanggan-packages.php]
in SYSTEMPATH\Exceptions\FrameworkException.php on line 41.
 1 SYSTEMPATH\View\View.php(222): CodeIgniter\Exceptions\FrameworkException::forInvalidFile('package/customer.php')
 2 SYSTEMPATH\Common.php(1171): CodeIgniter\View\View->render('package/customer', [], true)
 3 APPPATH\Controllers\PackageController.php(31): view('package/customer', [...])
 4 SYSTEMPATH\CodeIgniter.php(933): App\Controllers\PackageController->index()
 5 SYSTEMPATH\CodeIgniter.php(509): CodeIgniter\CodeIgniter->runController(Object(App\Controllers\PackageController))
 6 SYSTEMPATH\CodeIgniter.php(355): CodeIgniter\CodeIgniter->handleRequest(null, Object(Config\Cache), false)
 7 SYSTEMPATH\Boot.php(325): CodeIgniter\CodeIgniter->run()
 8 SYSTEMPATH\Boot.php(67): CodeIgniter\Boot::runCodeIgniter(Object(CodeIgniter\CodeIgniter))
 9 FCPATH\index.php(56): CodeIgniter\Boot::bootWeb(Object(Config\Paths))
10 SYSTEMPATH\rewrite.php(44): require_once('D:\\Perkulian💪\\Semester 5\\E-Commerce\\Cukur - Copy\\public\\index.php')
CRITICAL - 2024-11-09 17:32:26 --> CodeIgniter\View\Exceptions\ViewException: Invalid file: "package/detail.php"
[Method: GET, Route: package/1]
in SYSTEMPATH\Exceptions\FrameworkException.php on line 41.
 1 SYSTEMPATH\View\View.php(222): CodeIgniter\Exceptions\FrameworkException::forInvalidFile('package/detail.php')
 2 SYSTEMPATH\Common.php(1171): CodeIgniter\View\View->render('package/detail', [], true)
 3 APPPATH\Controllers\PackageController.php(76): view('package/detail', [...])
 4 SYSTEMPATH\CodeIgniter.php(933): App\Controllers\PackageController->detail('1')
 5 SYSTEMPATH\CodeIgniter.php(509): CodeIgniter\CodeIgniter->runController(Object(App\Controllers\PackageController))
 6 SYSTEMPATH\CodeIgniter.php(355): CodeIgniter\CodeIgniter->handleRequest(null, Object(Config\Cache), false)
 7 SYSTEMPATH\Boot.php(325): CodeIgniter\CodeIgniter->run()
 8 SYSTEMPATH\Boot.php(67): CodeIgniter\Boot::runCodeIgniter(Object(CodeIgniter\CodeIgniter))
 9 FCPATH\index.php(56): CodeIgniter\Boot::bootWeb(Object(Config\Paths))
10 SYSTEMPATH\rewrite.php(44): require_once('D:\\Perkulian💪\\Semester 5\\E-Commerce\\Cukur - Copy\\public\\index.php')
INFO - 2024-11-09 18:24:14 --> Session: Class initialized using 'CodeIgniter\Session\Handlers\FileHandler' driver.
INFO - 2024-11-09 18:24:15 --> Session: Class initialized using 'CodeIgniter\Session\Handlers\FileHandler' driver.
INFO - 2024-11-09 18:24:22 --> Session: Class initialized using 'CodeIgniter\Session\Handlers\FileHandler' driver.
INFO - 2024-11-09 18:25:17 --> Session: Class initialized using 'CodeIgniter\Session\Handlers\FileHandler' driver.
INFO - 2024-11-09 18:25:18 --> Session: Class initialized using 'CodeIgniter\Session\Handlers\FileHandler' driver.
INFO - 2024-11-09 18:25:45 --> Session: Class initialized using 'CodeIgniter\Session\Handlers\FileHandler' driver.
INFO - 2024-11-09 18:29:01 --> Session: Class initialized using 'CodeIgniter\Session\Handlers\FileHandler' driver.
CRITICAL - 2024-11-09 18:37:30 --> CodeIgniter\View\Exceptions\ViewException: Invalid file: "partials/header_footer.php"
[Method: GET, Route: dpelanggan]
in SYSTEMPATH\Exceptions\FrameworkException.php on line 41.
 1 SYSTEMPATH\View\View.php(222): CodeIgniter\Exceptions\FrameworkException::forInvalidFile('partials/header_footer.php')
 2 SYSTEMPATH\View\View.php(250): CodeIgniter\View\View->render('partials/header_footer', [], true)
 3 SYSTEMPATH\Common.php(1171): CodeIgniter\View\View->render('pelanggan/dashboard', [], true)
 4 APPPATH\Controllers\Home.php(30): view('pelanggan/dashboard')
 5 SYSTEMPATH\CodeIgniter.php(933): App\Controllers\Home->dpelanggan()
 6 SYSTEMPATH\CodeIgniter.php(509): CodeIgniter\CodeIgniter->runController(Object(App\Controllers\Home))
 7 SYSTEMPATH\CodeIgniter.php(355): CodeIgniter\CodeIgniter->handleRequest(null, Object(Config\Cache), false)
 8 SYSTEMPATH\Boot.php(325): CodeIgniter\CodeIgniter->run()
 9 SYSTEMPATH\Boot.php(67): CodeIgniter\Boot::runCodeIgniter(Object(CodeIgniter\CodeIgniter))
10 FCPATH\index.php(56): CodeIgniter\Boot::bootWeb(Object(Config\Paths))
11 SYSTEMPATH\rewrite.php(44): require_once('D:\\Perkulian💪\\Semester 5\\E-Commerce\\Cukur - Copy\\public\\index.php')
CRITICAL - 2024-11-09 18:37:37 --> CodeIgniter\View\Exceptions\ViewException: Invalid file: "partials/header_footer.php"
[Method: GET, Route: dpelanggan]
in SYSTEMPATH\Exceptions\FrameworkException.php on line 41.
 1 SYSTEMPATH\View\View.php(222): CodeIgniter\Exceptions\FrameworkException::forInvalidFile('partials/header_footer.php')
 2 SYSTEMPATH\View\View.php(250): CodeIgniter\View\View->render('partials/header_footer', [], true)
 3 SYSTEMPATH\Common.php(1171): CodeIgniter\View\View->render('pelanggan/dashboard', [], true)
 4 APPPATH\Controllers\Home.php(30): view('pelanggan/dashboard')
 5 SYSTEMPATH\CodeIgniter.php(933): App\Controllers\Home->dpelanggan()
 6 SYSTEMPATH\CodeIgniter.php(509): CodeIgniter\CodeIgniter->runController(Object(App\Controllers\Home))
 7 SYSTEMPATH\CodeIgniter.php(355): CodeIgniter\CodeIgniter->handleRequest(null, Object(Config\Cache), false)
 8 SYSTEMPATH\Boot.php(325): CodeIgniter\CodeIgniter->run()
 9 SYSTEMPATH\Boot.php(67): CodeIgniter\Boot::runCodeIgniter(Object(CodeIgniter\CodeIgniter))
10 FCPATH\index.php(56): CodeIgniter\Boot::bootWeb(Object(Config\Paths))
11 SYSTEMPATH\rewrite.php(44): require_once('D:\\Perkulian💪\\Semester 5\\E-Commerce\\Cukur - Copy\\public\\index.php')
CRITICAL - 2024-11-09 18:42:37 --> RuntimeException: View themes, no current section.
[Method: GET, Route: pelanggan-packages.php]
in SYSTEMPATH\View\View.php on line 442.
 1 APPPATH\Views\pelanggan\package\packages.php(34): CodeIgniter\View\View->endSection()
 2 SYSTEMPATH\View\View.php(234): include('D:\\Perkulian💪\\Semester 5\\E-Commerce\\Cukur - Copy\\app\\Views\\pelanggan\\package\\packages.php')
 3 SYSTEMPATH\View\View.php(237): CodeIgniter\View\View->CodeIgniter\View\{closure}()
 4 SYSTEMPATH\Common.php(1171): CodeIgniter\View\View->render('pelanggan/package/packages', [], true)
 5 APPPATH\Controllers\PackageController.php(31): view('pelanggan/package/packages', [...])
 6 SYSTEMPATH\CodeIgniter.php(933): App\Controllers\PackageController->index()
 7 SYSTEMPATH\CodeIgniter.php(509): CodeIgniter\CodeIgniter->runController(Object(App\Controllers\PackageController))
 8 SYSTEMPATH\CodeIgniter.php(355): CodeIgniter\CodeIgniter->handleRequest(null, Object(Config\Cache), false)
 9 SYSTEMPATH\Boot.php(325): CodeIgniter\CodeIgniter->run()
10 SYSTEMPATH\Boot.php(67): CodeIgniter\Boot::runCodeIgniter(Object(CodeIgniter\CodeIgniter))
11 FCPATH\index.php(56): CodeIgniter\Boot::bootWeb(Object(Config\Paths))
12 SYSTEMPATH\rewrite.php(44): require_once('D:\\Perkulian💪\\Semester 5\\E-Commerce\\Cukur - Copy\\public\\index.php')
CRITICAL - 2024-11-09 18:42:54 --> RuntimeException: View themes, no current section.
[Method: GET, Route: pelanggan-packages.php]
in SYSTEMPATH\View\View.php on line 442.
 1 APPPATH\Views\pelanggan\package\packages.php(34): CodeIgniter\View\View->endSection()
 2 SYSTEMPATH\View\View.php(234): include('D:\\Perkulian💪\\Semester 5\\E-Commerce\\Cukur - Copy\\app\\Views\\pelanggan\\package\\packages.php')
 3 SYSTEMPATH\View\View.php(237): CodeIgniter\View\View->CodeIgniter\View\{closure}()
 4 SYSTEMPATH\Common.php(1171): CodeIgniter\View\View->render('pelanggan/package/packages', [], true)
 5 APPPATH\Controllers\PackageController.php(31): view('pelanggan/package/packages', [...])
 6 SYSTEMPATH\CodeIgniter.php(933): App\Controllers\PackageController->index()
 7 SYSTEMPATH\CodeIgniter.php(509): CodeIgniter\CodeIgniter->runController(Object(App\Controllers\PackageController))
 8 SYSTEMPATH\CodeIgniter.php(355): CodeIgniter\CodeIgniter->handleRequest(null, Object(Config\Cache), false)
 9 SYSTEMPATH\Boot.php(325): CodeIgniter\CodeIgniter->run()
10 SYSTEMPATH\Boot.php(67): CodeIgniter\Boot::runCodeIgniter(Object(CodeIgniter\CodeIgniter))
11 FCPATH\index.php(56): CodeIgniter\Boot::bootWeb(Object(Config\Paths))
12 SYSTEMPATH\rewrite.php(44): require_once('D:\\Perkulian💪\\Semester 5\\E-Commerce\\Cukur - Copy\\public\\index.php')
CRITICAL - 2024-11-09 18:44:23 --> RuntimeException: View themes, no current section.
[Method: GET, Route: pelanggan-packages.php]
in SYSTEMPATH\View\View.php on line 442.
 1 APPPATH\Views\pelanggan\package\packages.php(34): CodeIgniter\View\View->endSection()
 2 SYSTEMPATH\View\View.php(234): include('D:\\Perkulian💪\\Semester 5\\E-Commerce\\Cukur - Copy\\app\\Views\\pelanggan\\package\\packages.php')
 3 SYSTEMPATH\View\View.php(237): CodeIgniter\View\View->CodeIgniter\View\{closure}()
 4 SYSTEMPATH\Common.php(1171): CodeIgniter\View\View->render('pelanggan/package/packages', [], true)
 5 APPPATH\Controllers\PackageController.php(31): view('pelanggan/package/packages', [...])
 6 SYSTEMPATH\CodeIgniter.php(933): App\Controllers\PackageController->index()
 7 SYSTEMPATH\CodeIgniter.php(509): CodeIgniter\CodeIgniter->runController(Object(App\Controllers\PackageController))
 8 SYSTEMPATH\CodeIgniter.php(355): CodeIgniter\CodeIgniter->handleRequest(null, Object(Config\Cache), false)
 9 SYSTEMPATH\Boot.php(325): CodeIgniter\CodeIgniter->run()
10 SYSTEMPATH\Boot.php(67): CodeIgniter\Boot::runCodeIgniter(Object(CodeIgniter\CodeIgniter))
11 FCPATH\index.php(56): CodeIgniter\Boot::bootWeb(Object(Config\Paths))
12 SYSTEMPATH\rewrite.php(44): require_once('D:\\Perkulian💪\\Semester 5\\E-Commerce\\Cukur - Copy\\public\\index.php')
CRITICAL - 2024-11-09 18:47:16 --> CodeIgniter\View\Exceptions\ViewException: Invalid file: "package/packages.php"
[Method: GET, Route: pelanggan-packages]
in SYSTEMPATH\Exceptions\FrameworkException.php on line 41.
 1 SYSTEMPATH\View\View.php(222): CodeIgniter\Exceptions\FrameworkException::forInvalidFile('package/packages.php')
 2 SYSTEMPATH\Common.php(1171): CodeIgniter\View\View->render('package/packages', [], true)
 3 APPPATH\Controllers\PackageController.php(31): view('package/packages', [...])
 4 SYSTEMPATH\CodeIgniter.php(933): App\Controllers\PackageController->index()
 5 SYSTEMPATH\CodeIgniter.php(509): CodeIgniter\CodeIgniter->runController(Object(App\Controllers\PackageController))
 6 SYSTEMPATH\CodeIgniter.php(355): CodeIgniter\CodeIgniter->handleRequest(null, Object(Config\Cache), false)
 7 SYSTEMPATH\Boot.php(325): CodeIgniter\CodeIgniter->run()
 8 SYSTEMPATH\Boot.php(67): CodeIgniter\Boot::runCodeIgniter(Object(CodeIgniter\CodeIgniter))
 9 FCPATH\index.php(56): CodeIgniter\Boot::bootWeb(Object(Config\Paths))
10 SYSTEMPATH\rewrite.php(44): require_once('D:\\Perkulian💪\\Semester 5\\E-Commerce\\Cukur - Copy\\public\\index.php')
CRITICAL - 2024-11-09 18:47:30 --> RuntimeException: View themes, no current section.
[Method: GET, Route: pelanggan-packages]
in SYSTEMPATH\View\View.php on line 442.
 1 APPPATH\Views\pelanggan\package\packages.php(34): CodeIgniter\View\View->endSection()
 2 SYSTEMPATH\View\View.php(234): include('D:\\Perkulian💪\\Semester 5\\E-Commerce\\Cukur - Copy\\app\\Views\\pelanggan\\package\\packages.php')
 3 SYSTEMPATH\View\View.php(237): CodeIgniter\View\View->CodeIgniter\View\{closure}()
 4 SYSTEMPATH\Common.php(1171): CodeIgniter\View\View->render('pelanggan/package/packages', [], true)
 5 APPPATH\Controllers\PackageController.php(31): view('pelanggan/package/packages', [...])
 6 SYSTEMPATH\CodeIgniter.php(933): App\Controllers\PackageController->index()
 7 SYSTEMPATH\CodeIgniter.php(509): CodeIgniter\CodeIgniter->runController(Object(App\Controllers\PackageController))
 8 SYSTEMPATH\CodeIgniter.php(355): CodeIgniter\CodeIgniter->handleRequest(null, Object(Config\Cache), false)
 9 SYSTEMPATH\Boot.php(325): CodeIgniter\CodeIgniter->run()
10 SYSTEMPATH\Boot.php(67): CodeIgniter\Boot::runCodeIgniter(Object(CodeIgniter\CodeIgniter))
11 FCPATH\index.php(56): CodeIgniter\Boot::bootWeb(Object(Config\Paths))
12 SYSTEMPATH\rewrite.php(44): require_once('D:\\Perkulian💪\\Semester 5\\E-Commerce\\Cukur - Copy\\public\\index.php')
